# JRE version: Java(TM) SE Runtime Environment 18.9 (11.0.12+8) (build 11.0.12+8-LTS-237)
# Java VM: Java HotSpot(TM) 64-Bit Server VM 18.9 (11.0.12+8-LTS-237, mixed mode, tiered, compressed oops, g1 gc, windows-amd64)
Heap:
 garbage-first heap   total 258048K, used 43984K [0x0000000704e00000, 0x0000000800000000)
  region size 1024K, 41 young (41984K), 13 survivors (13312K)
 Metaspace       used 31055K, capacity 31697K, committed 31744K, reserved 1077248K
  class space    used 3317K, capacity 3572K, committed 3584K, reserved 1048576K
GC Heap History (6 events):
Event: 0.420 GC heap before
{Heap before GC invocations=0 (full 0):
 garbage-first heap   total 258048K, used 23552K [0x0000000704e00000, 0x0000000800000000)
  region size 1024K, 24 young (24576K), 0 survivors (0K)
 Metaspace       used 12492K, capacity 12661K, committed 12928K, reserved 1060864K
  class space    used 1262K, capacity 1348K, committed 1408K, reserved 1048576K
}
Event: 0.423 GC heap after
{Heap after GC invocations=1 (full 0):
 garbage-first heap   total 258048K, used 3488K [0x0000000704e00000, 0x0000000800000000)
  region size 1024K, 3 young (3072K), 3 survivors (3072K)
 Metaspace       used 12492K, capacity 12661K, committed 12928K, reserved 1060864K
  class space    used 1262K, capacity 1348K, committed 1408K, reserved 1048576K
}
Event: 1.252 GC heap before
{Heap before GC invocations=1 (full 0):
 garbage-first heap   total 258048K, used 91552K [0x0000000704e00000, 0x0000000800000000)
  region size 1024K, 90 young (92160K), 3 survivors (3072K)
 Metaspace       used 20654K, capacity 21011K, committed 21248K, reserved 1069056K
  class space    used 2175K, capacity 2282K, committed 2304K, reserved 1048576K
}
Event: 1.260 GC heap after
{Heap after GC invocations=2 (full 0):
 garbage-first heap   total 258048K, used 9580K [0x0000000704e00000, 0x0000000800000000)
  region size 1024K, 9 young (9216K), 9 survivors (9216K)
 Metaspace       used 20654K, capacity 21011K, committed 21248K, reserved 1069056K
  class space    used 2175K, capacity 2282K, committed 2304K, reserved 1048576K
}
Event: 1.962 GC heap before
{Heap before GC invocations=3 (full 0):
 garbage-first heap   total 258048K, used 103788K [0x0000000704e00000, 0x0000000800000000)
  region size 1024K, 101 young (103424K), 9 survivors (9216K)
 Metaspace       used 23065K, capacity 23597K, committed 23936K, reserved 1071104K
  class space    used 2362K, capacity 2569K, committed 2688K, reserved 1048576K
}
Event: 1.972 GC heap after
{Heap after GC invocations=4 (full 0):
 garbage-first heap   total 258048K, used 16336K [0x0000000704e00000, 0x0000000800000000)
  region size 1024K, 13 young (13312K), 13 survivors (13312K)
 Metaspace       used 23065K, capacity 23597K, committed 23936K, reserved 1071104K
  class space    used 2362K, capacity 2569K, committed 2688K, reserved 1048576K
}

